HELO
CPUI
L1CI
PLLI
PMCB
HELO
CPUI
L1CI
4.1403ZTE2-5.2.10-117.134
DRAM
----
PHYS
ZQDN
PHYE
DINT
TST1
TST2
PASS
----
ZBSS
L12F
MAIN
FPS0
BT00
0001
BT00
0201
NAN3
RFS2
NAN5


Base: 4.14_03ZTE2
CFE version 5.2.10-117.134 for BCM96838 (32bit,SP,BE)
Build Date: Wed, 29 Mar 2017 04:00:11 +0800 (root@BUILD.MDU)
Copyright (C) 2000-2013 Broadcom Corporation.

Chip ID: BCM68380F_B0, MIPS: 400MHz, DDR: 333MHz, Bus: 240MHz
RDP: 400MHz
Main Thread: TP0
Total Memory: 134217728 bytes (128MB)
Boot Address: 0xbfc00000

ZTE: set to refer board 968380FGGU
NAND flash device: Micron MT29F1G08AAC, id 0x2cf1 block 128KB size 131072KB
ddr_tm_base_address = 0xa0800000
f_initialize_bbh_dma_sdma_related_arrays:(946) errorenable IH Wan-Wan forwarding...
bootfrom :dd 2
kerSysGetBootImageState :49
Board IP address                  : 192.168.1.1:ffffff00  
Host IP address                   : 192.168.1.100  
Gateway IP address                :   
Run from flash/host/tftp (f/h/c)  : f  
Default host run file name        : vmlinux  
Default host flash file name      : bcm963xx_fs_kernel  
Boot delay (0-9 seconds)          : 1  
Boot image (1 = rootfs1, 2 = rootfs2) : 2  
Default host ramdisk file name    :   
Default ramdisk store address     :   
Board Id (0-28)                   : 968380FGGU  
Number of MAC Addresses (1-32)    : 10  
Base MAC Address                  : 00:10:18:00:00:00  
PSI Size (1-64) KBytes            : 0  
Enable Backup PSI [0|1]           : 0  
System Log Size (0-256) KBytes    : 0  
Auxillary File System Size Percent: 0  
Main Thread Number [0|1]          : 0  
MC memory allocation (MB)          : 4  
TM memory allocation (MB)          : 20  

*** Press any key to stop auto run (1 seconds) ***
Auto run second count down: 110
Booting from rootfs 2 (0xc1520000) ...
Correctable ECC Error detected: addr=0x0193ee00, intrCtrl=0x00000090, accessCtrl=0xF7441010
Correctable ECC Error detected: addr=0x0194c000, intrCtrl=0x000000B0, accessCtrl=0xF7441010
Correctable ECC Error detected: addr=0x0198d600, intrCtrl=0x00000090, accessCtrl=0xF7441010
Correctable ECC Error detected: addr=0x01997400, intrCtrl=0x00000090, accessCtrl=0xF7441010
Correctable ECC Error detected: addr=0x0193ee00, intrCtrl=0x00000090, accessCtrl=0xF7441010
Correctable ECC Error detected: addr=0x0194c000, intrCtrl=0x000000B0, accessCtrl=0xF7441010
Correctable ECC Error detected: addr=0x0198d600, intrCtrl=0x00000090, accessCtrl=0xF7441010
Correctable ECC Error detected: addr=0x01997400, intrCtrl=0x00000090, accessCtrl=0xF7441010
Correctable ECC Error detected: addr=0x019c4c00, intrCtrl=0x00000090, accessCtrl=0xF7441010
Correctable ECC Error detected: addr=0x019dd000, intrCtrl=0x000000B0, accessCtrl=0xF7441010
Correctable ECC Error detected: addr=0x01a08a00, intrCtrl=0x00000090, accessCtrl=0xF7441010
Correctable ECC Error detected: addr=0x01a14800, intrCtrl=0x000000B0, accessCtrl=0xF7441010
Correctable ECC Error detected: addr=0x01a63e00, intrCtrl=0x00000090, accessCtrl=0xF7441010
Correctable ECC Error detected: addr=0x01a6fe00, intrCtrl=0x00000090, accessCtrl=0xF7441010
Correctable ECC Error detected: addr=0x01a72a00, intrCtrl=0x00000090, accessCtrl=0xF7441010
Correctable ECC Error detected: addr=0x01ae2e00, intrCtrl=0x00000090, accessCtrl=0xF7441010
Correctable ECC Error detected: addr=0x01ae5200, intrCtrl=0x00000090, accessCtrl=0xF7441010
Correctable ECC Error detected: addr=0x01af9800, intrCtrl=0x000000B0, accessCtrl=0xF7441010
Correctable ECC Error detected: addr=0x01b0b000, intrCtrl=0x000000B0, accessCtrl=0xF7441010
Decompression OK!
Entry at 0x80416230
Starting program at 0x80416230
Linux version 3.4.11-rt19 (root@BUILD.MDU) (gcc version 4.6.2 (Buildroot 2011.11) ) #135 SMP PREEMPT Wed Mar 29 04:10:35 CST 2017

*** Voice Board id is not initialized properly ***

968380FGGU prom init
CPU revision is: 0002a080 (Broadcom BMIPS4350)
memsize=108539904,bbx_rsvd_base =108539904,bbx_rsvd_size is=512000
Determined physical RAM map:
 memory: 01400000 @ 06c00000 (reserved)
 memory: 00400000 @ 06800000 (reserved)
 memory: 0007d000 @ 06783000 (reserved)
 memory: 06783000 @ 00000000 (usable)
Zone PFN ranges:
  DMA      0x00000000 -> 0x00001000
  Normal   0x00001000 -> 0x00006783
Movable zone start PFN for each node
Early memory PFN ranges
    0: 0x00000000 -> 0x00006783
On node 0 totalpages: 26499
free_area_init_node: node 0, pgdat 8056ba60, node_mem_map 81000000
  DMA zone: 32 pages used for memmap
  DMA zone: 0 pages reserved
  DMA zone: 4064 pages, LIFO batch:0
  Normal zone: 176 pages used for memmap
  Normal zone: 22227 pages, LIFO batch:3
PERCPU: Embedded 7 pages/cpu @810d3000 s5728 r8192 d14752 u32768
pcpu-alloc: s5728 r8192 d14752 u32768 alloc=8*4096
pcpu-alloc: [0] 0 [0] 1 
Built 1 zonelists in Zone order, mobility grouping on.  Total pages: 26291
Kernel command line: ubi.mtd=8 root=ubi:rootfs_ubifs ro rootfstype=ubifs  irqaffinity=0
PID hash table entries: 512 (order: -1, 2048 bytes)
Dentry cache hash table entries: 16384 (order: 4, 65536 bytes)
Inode-cache hash table entries: 8192 (order: 3, 32768 bytes)
Primary instruction cache 64kB, VIPT, 4-way, linesize 16 bytes.
Primary data cache 32kB, 2-way, VIPT, cache aliases, linesize 16 bytes
Memory: 98512k/105996k available (4185k kernel code, 7484k reserved, 1303k data, 220k init, 0k highmem)
Preemptible hierarchical RCU implementation.
NR_IRQS:256
console [ttyS0] enabled
Allocating memory for DSP module core and initialization code
Allocated DSP module memory - CORE=0x0 SIZE=0, INIT=0x0 SIZE=0
Calibrating delay loop... 397.31 BogoMIPS (lpj=198656)
pid_max: default: 32768 minimum: 301
Mount-cache hash table entries: 512
--Kernel Config--
  SMP=1
  PREEMPT=1
  DEBUG_SPINLOCK=0
  DEBUG_MUTEXES=0
Broadcom Logger v0.1 Mar 29 2017 04:01:10
CPU revision is: 0002a080 (Broadcom BMIPS4350)
Primary instruction cache 64kB, VIPT, 4-way, linesize 16 bytes.
Primary data cache 32kB, 2-way, VIPT, cache aliases, linesize 16 bytes
Brought up 2 CPUs
pdt_cspkernel_init
NET: Registered protocol family 16
1192:57:47 [Klogctl][Info] [(1086)LogCtlInit] LogCtlInit begin
1192:57:47 [Klogctl][Info] [(896)AddLogOutModule] AddLogOutModule:OutputMode=0X00000200,ptLogProcSet=85c33990
1192:57:47 [Klogstdio][Info] [(1058)LogStdioProcInit] LogStdioProcInit

LogUdpWatchProcInit
<wdt_init>:Starting Watchdog Timer...
<wdt_init>(527):creat proc files for watchdog!!!
registering PCI controller with io_map_base unset
registering PCI controller with io_map_base unset
PMC Driver Init... done.
OssKernBbxInit: mod kern_sys exceed 
bio: create slab <bio-0> at 0
SCSI subsystem initialized
usbcore: registered new interface driver usbfs
usbcore: registered new interface driver hub
usbcore: registered new device driver usb
PCI host bridge to bus 0000:00
pci_bus 0000:00: root bus resource [mem 0xeff00000-0xefffffff]
pci_bus 0000:00: root bus resource [io  0xf1000000-0xf100ffff]
pci 0000:00:09.0: [14e4:6300] type 00 class 0x0c0310
pci 0000:00:09.0: reg 10: [mem 0x15400400-0x154004ff]
pci 0000:00:0a.0: [14e4:6300] type 00 class 0x0c0320
pci 0000:00:0a.0: reg 10: [mem 0x15400300-0x154003ff]
PCI host bridge to bus 0000:01
pci_bus 0000:01: root bus resource [mem 0xd0000000-0xdfffffff]
pci_bus 0000:01: root bus resource [??? 0x00000000 flags 0x0]
pci 0000:01:00.0: [14e4:6838] type 01 class 0x060400
pci 0000:01:00.0: PME# supported from D0 D3hot
pci 0000:02:00.0: [14e4:a8db] type 00 class 0x028000
pci 0000:02:00.0: reg 10: [mem 0x00000000-0x00007fff 64bit]
pci 0000:02:00.0: supports D1 D2
pci 0000:01:00.0: BAR 8: assigned [mem 0xd0000000-0xd00fffff]
pci 0000:02:00.0: BAR 0: assigned [mem 0xd0000000-0xd0007fff 64bit]
pci 0000:01:00.0: PCI bridge to [bus 02-02]
pci 0000:01:00.0:   bridge window [mem 0xd0000000-0xd00fffff]
PCI: Enabling device 0000:01:00.0 (0000 -> 0002)
bcmhs_spi bcmhs_spi.1: master is unqueued, this is deprecated
skbFreeTask created successfully
BLOG v3.0 Initialized
BLOG Rule v1.0 Initialized
Broadcom IQoS v0.1 Mar 29 2017 04:10:21 initialized
Switching to clocksource MIPS
NET: Registered protocol family 2
IP route cache hash table entries: 1024 (order: 0, 4096 bytes)
TCP established hash table entries: 4096 (order: 3, 32768 bytes)
TCP bind hash table entries: 4096 (order: 3, 32768 bytes)
TCP: Hash tables configured (established 4096 bind 4096)
TCP: reno registered
UDP hash table entries: 128 (order: 0, 4096 bytes)
UDP-Lite hash table entries: 128 (order: 0, 4096 bytes)
NET: Registered protocol family 1
PCI: CLS 16 bytes, default 16
bcm_tstamp initialized, (hpt_freq=200000000 2us_div=200 2ns_mult=5 2ns_shift=0)
NTFS driver 2.1.30 [Flags: R/W].
jffs2: version 2.2. (NAND) © 2001-2006 Red Hat, Inc.
fuse init (API version 7.18)
msgmni has been set to 192
io scheduler noop registered (default)
bcm963xx_mtd driver v2.0
Failed to read image tag from flash
brcmnanddrv_init: brcmnanddrv_init - NANDCMD=''
Broadcom DSL NAND controller (BrcmNand Controller)
mtd->oobsize=0, mtd->eccOobSize=0
NAND_CS_NAND_XOR=00000000
B4: NandSelect=40000001, nandConfig=15142200, chipSelect=0
brcmnand_read_id: CS0: dev_id=2cf18095
After: NandSelect=40000001, nandConfig=15142200
Block size=00020000, erase shift=17
NAND Config: Reg=15142200, chipSize=128 MB, blockSize=128K, erase_shift=11
busWidth=1, pageSize=2048B, page_shift=11, page_mask=000007ff
timing1 not adjusted: 6574845b
timing2 not adjusted: 00001e96
BrcmNAND mfg 2c f1 MICRON MT29F1G08ABA 128MB on CS0

Found NAND on CS0: ACC=f7441010, cfg=15142200, flashId=2cf18095, tim1=6574845b, tim2=00001e96
BrcmNAND version = 0x80000500 128MB @00000000
brcmnand_scan: B4 nand_select = 40000001
brcmnand_scan: After nand_select = 40000001
handle_acc_control: default CORR ERR threshold  1 bits
ACC: 16 OOB bytes per 512B ECC step; from ID probe: 16
page_shift=11, bbt_erase_shift=17, chip_shift=27, phys_erase_shift=17
Brcm NAND controller version = 5.0 NAND flash size 128MB @18000000
ECC layout=brcmnand_oob_bch4_2k
brcmnand_scan:  mtd->oobsize=64
brcmnand_scan: oobavail=35, eccsize=512, writesize=2048
brcmnand_scan, eccsize=512, writesize=2048, eccsteps=4, ecclevel=4, eccbytes=7
-->brcmnand_default_bbt
brcmnand_default_bbt: bbt_td = bbt_slc_bch4_main_descr
Bad block table Bbt0 found at page 0000ffc0, version 0x01 for chip on CS0
Bad block table 1tbB found at page 0000ff80, version 0x01 for chip on CS0
brcmnand_reset_corr_threshold: default CORR ERR threshold  1 bits for CS0
brcmnand_reset_corr_threshold: CORR ERR threshold changed to 3 bits for CS0
brcmnandCET: Status -> Deferred
Master size=08000000
***** Found UBIFS Marker at 0x01b9ff00
***** Found UBIFS Marker at 0x0029ff00
Part[0] name=whole flash, size=7f00000, ofs=0
Part[1] name=nvram, size=20000, ofs=0
Part[2] name=rootfs1, size=1900000, ofs=20000
Part[3] name=rootfs2, size=1900000, ofs=1920000
Part[4] name=parameter tags, size=400000, ofs=3a20000
Part[5] name=usercfg, size=800000, ofs=3220000
Part[6] name=middle ware, size=400000, ofs=3e20000
Part[7] name=others, size=100000, ofs=4220000
Part[8] name=ubifs, size=1680000, ofs=1ba0000
Part[9] name=spare_bootfs, size=280000, ofs=20000
Creating 10 MTD partitions on "brcmnand.0":
0x000000000000-0x000007f00000 : "whole flash"
0x000000000000-0x000000020000 : "nvram"
0x000000020000-0x000001920000 : "rootfs1"
0x000001920000-0x000003220000 : "rootfs2"
0x000003a20000-0x000003e20000 : "parameter tags"
0x000003220000-0x000003a20000 : "usercfg"
0x000003e20000-0x000004220000 : "middle ware"
0x000004220000-0x000004320000 : "others"
0x000001ba0000-0x000003220000 : "ubifs"
0x000000020000-0x0000002a0000 : "spare_bootfs"
UBI: attaching mtd8 to ubi0
UBI: physical eraseblock size:   131072 bytes (128 KiB)
UBI: logical eraseblock size:    126976 bytes
UBI: smallest flash I/O unit:    2048
UBI: VID header offset:          2048 (aligned 2048)
UBI: data offset:                4096
UBI: max. sequence number:       2
UBI: attached mtd8 to ubi0
UBI: MTD device name:            "ubifs"
UBI: MTD device size:            22 MiB
UBI: number of good PEBs:        180
UBI: number of bad PEBs:         0
UBI: number of corrupted PEBs:   0
UBI: max. allowed volumes:       128
UBI: wear-leveling threshold:    4096
UBI: number of internal volumes: 1
UBI: number of user volumes:     1
UBI: available PEBs:             0
UBI: total number of reserved PEBs: 180
UBI: number of PEBs reserved for bad PEB handling: 2
UBI: max/mean erase counter: 1/0
UBI: image sequence number:  0
UBI: background thread "ubi_bgt0d" started, PID 229
usbcore: registered new interface driver usblp
i2c /dev entries driver
brcmboard: brcm_board_init entry
Failed to create a netlink socket for monitor
enable watchdog
Serial: BCM63XX driver $Revision: 3.00 $
Magic SysRq with Auxilliary trigger char enabled (type ^ h for list of supported commands)
ttyS0 at MMIO 0xb4e00500 (irq = 9) is a BCM63XX
ttyS1 at MMIO 0xb4e00520 (irq = 10) is a BCM63XX
nf_conntrack version 0.5.0 (1539 buckets, 8192 max)
ip_tables: (C) 2000-2006 Netfilter Core Team
NET: Registered protocol family 10
ip6_tables: (C) 2000-2006 Netfilter Core Team
IPv6 over IPv4 tunneling driver
NET: Registered protocol family 17
Bridge firewalling registered
Ebtables v2.0 registered
PPP generic driver version 2.4.2
NET: Registered protocol family 24
systools version:v0.7.0
errorEPC = 7d05d5a3
systools: system cold starting
open systools irqoff trace
zte--oss cpu usage module init
<LOGID000000005>1192:57:48 [KIGMPSNP][Warn] [br_multicast_se(196)br_del_addr_reg] register gIgmpDelAddrHook succeed!
<LOGID000000005>1192:57:48 [KIGMPSNP][Warn] [br_multicast_se(202)br_del_addr_reg] register gMldDelAddrHook succeed!
fastforward_init start !
fastforward_init done !
UBIFS: mounted UBI device 0, volume 0, name "rootfs_ubifs"
UBIFS: mounted read-only
UBIFS: file system size:   20697088 bytes (20212 KiB, 19 MiB, 163 LEBs)
UBIFS: journal size:       9023488 bytes (8812 KiB, 8 MiB, 72 LEBs)
UBIFS: media format:       w4/r0 (latest is w4/r0)
UBIFS: default compressor: zlib
UBIFS: reserved for root:  0 bytes (0 KiB)
VFS: Mounted root (ubifs filesystem) readonly on device 0:10.
Freeing unused kernel memory: 220k freed
init started:  BusyBox v1.01 (2017.03.28-20:04+0000) multi-call binary
Starting pid 266, console /dev/ttyS0: '/etc/init.d/rcS'
Algorithmics/MIPS FPU Emulator v1.5
/etc/default/S00tagparam: 2: : not found
======================================================
mounting /dev/mtdblock4 to /tagparam, wait ...
====================================================== 
Pre-initialization script ...
  Mounting ramdisk at /var
  Mounting /dev/mtdblock5 to /userconfig
jffs2: Empty flash at 0x000c1fe0 ends at 0x000c2000
jffs2: Empty flash at 0x000c3fe0 ends at 0x000c4000
jffs2: Empty flash at 0x000c5fe0 ends at 0x000c6000
jffs2: Empty flash at 0x000d1cd0 ends at 0x000d2000
jffs2: Empty flash at 0x000da03c ends at 0x000da800
jffs2: Empty flash at 0x00701fe0 ends at 0x00702000
jffs2: Empty flash at 0x0070413c ends at 0x00704800
jffs2: Empty flash at 0x0070693c ends at 0x00707000
jffs2: Empty flash at 0x0070913c ends at 0x00709800
jffs2: Empty flash at 0x0070b970 ends at 0x0070c000
jffs2: Empty flash at 0x0070e13c ends at 0x0070e800
jffs2: Empty flash at 0x007109e4 ends at 0x00711000
jffs2: Empty flash at 0x007132ac ends at 0x00713800
jffs2: Empty flash at 0x00715b44 ends at 0x00716000
jffs2: Empty flash at 0x00718690 ends at 0x00718800
jffs2: Empty flash at 0x0071a974 ends at 0x0071b000
jffs2: Empty flash at 0x0071d13c ends at 0x0071d800
  Mount ok!
Configuring EMACS interfaces
Bringing up interface lo
jffs2: notice: (288) check_node_data: wrong data CRC in data node at 0x000d0c8c: read 0x93e96fa1, calculated 0xb9c0fdde.
Bringing up interface mii0
Set promisc for device mii0
1192:57:52 [User][Warn] [ifconfig.c(995)ifconfig] Ioctl failed!SIOCGIFFLAGS
 Configuring with no IP address (i.e. for PPP)
1192:57:52 [User][Warn] [ifconfig.c(995)ifconfig] Ioctl failed!SIOCGIFFLAGS
tagparam_mod: exports duplicate symbol GetIfinfoPara (owned by kernel)
registering usb led module!
gpon_stack: module license 'Proprietary' taints kernel.
Disabling lock debugging due to kernel taint
LOGGER driver Init Done : 0x85ecab80
START GPON SerDes Init script
 !!!!   PLL locked !!!!!!     !!!!   RX CDR locked !!!!!!     !!!!   TX CDR locked !!!!!!    GPON SerDes Initialization Sequence Done 
f_initialize_bbh_dma_sdma_related_arrays:(946) errorenable IH Wan-Wan forwarding...
rdd_lan_vid_entry_add({vid=0 ag=0 ag_vid=255 ports=0x0}, 0) --> 0
The function bcm6838_runner_init line:340 i :0
The function bcm6838_runner_init line:340 i :1
The function bcm6838_runner_init line:340 i :2
The function bcm6838_runner_init line:340 i :3
Creating CPU ring for queue number 0 with 128 packets descriptor=0xc04fb6b0
 Done initializing Ring 0 Base=0xa55e4080 End=0xa55e4880 calculated entries= 128 RDD Base=0x055e4080 descriptor=0xc04fb6b0
PhyAutoEnable port= 0, rate =0 
PhyAutoEnable port= 1, rate =0 
PhyAutoEnable port= 2, rate =0 
PhyAutoEnable port= 3, rate =0 
ERR: rdpa_if_to_rdd_bridge_port#141: Can't map rdpa_if 7 to rdd bridge port
ERR: rdpa_if_to_rdd_bridge_port#141: Can't map rdpa_if 8 to rdd bridge port
ERR: rdpa_if_to_rdd_bridge_port#141: Can't map rdpa_if 9 to rdd bridge port
ERR: rdpa_if_to_rdd_bridge_port#141: Can't map rdpa_if 7 to rdd bridge port
ERR: rdpa_if_to_rdd_bridge_port#141: Can't map rdpa_if 8 to rdd bridge port
ERR: rdpa_if_to_rdd_bridge_port#141: Can't map rdpa_if 9 to rdd bridge port
Broadcom BCM68380F_B0 Ethernet Network Device v0.1 Mar 29 2017 04:09:26
dgasp: kerSysRegisterDyingGaspHandler: bcmsw registered 
 vport eth3: MAC Address: 00:10:18:00:00:00
 vport eth2: MAC Address: 00:10:18:00:00:00
 vport eth1: MAC Address: 00:10:18:00:00:00
 vport eth0: MAC Address: 00:10:18:00:00:00
create_gpon_vport  gpon0 
gpon gpon0: MAC Address: 00:10:18:00:00:01
Creating CPU ring for queue number 3 with 512 packets descriptor=0xc04fb734
 Done initializing Ring 3 Base=0xa5560080 End=0xa5562080 calculated entries= 512 RDD Base=0x05560080 descriptor=0xc04fb734
cpu Ring 3 has been flushed
Creating CPU ring for queue number 2 with 32 packets descriptor=0xc04fb708
 Done initializing Ring 2 Base=0xa5760880 End=0xa5760a80 calculated entries= 32 RDD Base=0x05760880 descriptor=0xc04fb708
[NTC ploamFsm] printSerialPasswd: SN=42:52:43:4d:12:34:56:78
[NTC ploamFsm] printSerialPasswd: PW=20:20:20:20:20:20:20:20:20:20
dgasp: kerSysRegisterDyingGaspHandler: gpon0 registered 
[NTC ploamFsm] bcm_ploamCreate: ploam driver created.
Creating CPU ring for queue number 4 with 64 packets descriptor=0xc04fb760
 Done initializing Ring 4 Base=0xa5761880 End=0xa5761c80 calculated entries= 64 RDD Base=0x05761880 descriptor=0xc04fb760
zte_api_fast_l3_init: get runner handler 
Get function BCM_FUN_ID_SET_API_GPONapi_module_init()
Init switch module
Init switch module Success
ERR: bdmf_attrelem_set_as_num#1098: gpon: status:Entry already exists. attribute:dba_interval  value:2
bcm_gpon_Init ok
<LOGID000000005>1192:57:56 [KMONITOR][Warn] [monitor.c(617)MontorSendMsg] netlink_unicast failed:msgid = 0xa4a7, ptr =   (null), len = 0
get bob board type:0
get traditional optical board type
TW2362F-CDEH     found.
bsp_i2c_probe 0x50 success!
vendor name = T&W 
 optical PN(0x60) = 
 optical PN(0x28) = TW2362F-CDEH
ethdriver_init....
Loading PCM shim driver

Endpoint: endpoint_init entry
BOS: Enter bosInit 
BOS: Exit bosInit 

BCM68380F_LE9540! boardIdStr=LE9540 baseBoardIdStr=968380FHGU
Endpoint: endpoint_init COMPLETED
===================================================================
region code:39
region name:Telkom
USER_CFG is same as ETC_CFG, donot need copy
===================================================================
  Database default setting is [current : 39]
Starting pid 488, console /dev/ttyS0: '/sbin/getty'

F660
Login: jffs2: jffs2_scan_eraseblock(): Magic bitmask 0x1985 not found at 0x0027ff00: 0x4263 instead
jffs2: jffs2_scan_eraseblock(): Magic bitmask 0x1985 not found at 0x0027ff04: 0x732d instead
jffs2: jffs2_scan_eraseblock(): Magic bitmask 0x1985 not found at 0x0027ff08: 0x6966 instead
net_ratelimit: 21 callbacks suppressed
1192:58:02 [dhcp4c][Warn] [dhcp4c_inst.c(3815)_dhcp4cRegSendO] Send code[60]fun[0x5aedc0] is replaced by fun[0x5b3df4]
1192:58:02 [DB][Warn] [dbc_def_dev_inf(353)dbGetOnuMode] boardType : F660
1192:58:02 [DB][Warn] [dbc_def_dev_inf(371)dbGetOnuMode] getOnuMode failed, use default mode
1192:58:02 [DB][Warn] [dbc_mgr_tbl.c(1563)dbSetValComm] not find domain table(DevInfo) domain(VersionMode)
1192:58:02 [DB][Error] [dbc_def_dev_inf(490)dbPersonInitVer] versionmode userdefine========
1192:58:02 [DB][Warn] [dbc_mgr_tbl.c(1563)dbSetValComm] not find domain table(WLANCfg) domain(DownTagStripEnable)
1192:58:02 [DB][Warn] [dbc_mgr_tbl.c(1563)dbSetValComm] not find domain table(WLANCfg) domain(UpTagEnable)
1192:58:02 [DB][Warn] [dbc_mgr_tbl.c(1563)dbSetValComm] not find domain table(WLANCfg) domain(Vlan)
1192:58:02 [DB][Warn] [dbc_mgr_tbl.c(1563)dbSetValComm] not find domain table(WLANCfg) domain(VlanPriority)
1192:58:02 [DB][Warn] [dbc_mgr_tbl.c(1563)dbSetValComm] not find domain table(WLANCfg) domain(DownTagStripEnable)
1192:58:02 [DB][Warn] [dbc_mgr_tbl.c(1563)dbSetValComm] not find domain table(WLANCfg) domain(UpTagEnable)
1192:58:02 [DB][Warn] [dbc_mgr_tbl.c(1563)dbSetValComm] not find domain table(WLANCfg) domain(Vlan)
1192:58:02 [DB][Warn] [dbc_mgr_tbl.c(1563)dbSetValComm] not find domain table(WLANCfg) domain(VlanPriority)
1192:58:02 [DB][Warn] [dbc_mgr_tbl.c(1563)dbSetValComm] not find domain table(WLANCfg) domain(DownTagStripEnable)
1192:58:02 [DB][Warn] [dbc_mgr_tbl.c(1563)dbSetValComm] not find domain table(WLANCfg) domain(UpTagEnable)
1192:58:02 [DB][Warn] [dbc_mgr_tbl.c(1563)dbSetValComm] not find domain table(WLANCfg) domain(Vlan)
1192:58:02 [DB][Warn] [dbc_mgr_tbl.c(1563)dbSetValComm] not find domain table(WLANCfg) domain(VlanPriority)
1192:58:02 [DB][Warn] [dbc_mgr_tbl.c(1563)dbSetValComm] not find domain table(WLANCfg) domain(DownTagStripEnable)
1192:58:02 [DB][Warn] [dbc_mgr_tbl.c(1563)dbSetValComm] not find domain table(WLANCfg) domain(UpTagEnable)
1192:58:02 [DB][Warn] [dbc_mgr_tbl.c(1563)dbSetValComm] not find domain table(WLANCfg) domain(Vlan)
1192:58:02 [DB][Warn] [dbc_mgr_tbl.c(1563)dbSetValComm] not find domain table(WLANCfg) domain(VlanPriority)
1192:58:02 [DB][Error] [dbc_mgr_def.c(75)dbMgrStaticSetI] not find table (WLANCountry)
1192:58:02 [DB][Error] [dbc_mgr_def.c(75)dbMgrStaticSetI] not find table (PDTWLANWAPI)
----------------------------------------------poe not found.
1192:58:02 [DB][Error] [dbc_def_board_i(778)dbDefBoardInfo] GetPoeNum failed!
1192:58:02 [DB][Warn] [dbc_def_gponcfg(82)dbDefGPONCFG] get RegisterID  from flash failed !
1192:58:02 [DB][Warn] [dbc_def_gponcfg(108)dbDefGPONCFG] get Loid from flash failed !
1192:58:02 [DB][Warn] [dbc_def_gponcfg(121)dbDefGPONCFG] get LoidPwd  from flash failed !
1192:58:03 [DB][Warn] [dbc_person_dev_(201)dbPersonInitHVT] get parameter from Flash failed!HardwareVerTag
1192:58:03 [DB][Warn] [dbc_person_user(56)dbPersonInitUse] get parameter from Flash failed!Language
--SMP support
wl: norm_wmark_tot=3000, pktc_wmark_tot=2048
PCI: Enabling device 0000:02:00.0 (0000 -> 0002)
wl: passivemode=1
wl0: creating kthread wl0-kthrd
[ZTE BIND success wl] ======================thread pid=531,rc=0,processor_id=0
wl: napimode=0
Neither SPROM nor OTP has valid image
wl:srom/otp not programmed, using main memory mapped srom info(wombo board)
wl: ID=pci/2/0/
init_srom_sw_map: patch srom map with info from rip
srom rev:8
wl: reading /etc/wlan/bcmcmn_nvramvars.bin, file size=32
wl0: allocskbmode=1 currallocskbsz=512
wlan0: Broadcom BCMa8db 802.11 Wireless Controller 6.37.14.4803.cpe4.14L03ZTE2.0-kdb
dgasp: kerSysRegisterDyingGaspHandler: wlan0 registered 
1192:58:06 [OSS][Warn] [oss_sche.c(819)RunProcess] RunProcess process[wlan_adapter] Event[0x1100] dwUsedTicks[395]
1192:58:06 [DB][Crit] [dbc_core.c(451)dbPersonInitPro] VIP_VOIP: Set VoIP Protocol SIP
1192:58:06 [DB][Error] [dbc_def_timepol(217)dbWlanTimeTrans] {dbWlanTimeTrans} find:[0], [-1]:[-1]
1192:58:06 [DB][Error] [dbc_core_compat(882)dbUserInfoTrans] not find table 
1192:58:06 [DB][Error] [dbc_core_compat(2297)dbPrefixModuleT] not find table PrefixIfDG
1192:58:07 [DB][Warn] [dbc_pdt_transfe(511)bIsNeedUpInc] ==== bIsNeedUpInc: [regcode:39]V5.2.10P3T32--->V5.2.10P3T32
1192:58:07 [DB][Warn] [dbc_core.c(2543)dbAdaptDataByOn] enter dbAdaptDataByOnuMode
1192:58:07 [OSS][Warn] [oss_sche.c(819)RunProcess] RunProcess process[DB] Event[0x1100] dwUsedTicks[514]
1192:58:09 [OSS][Warn] [oss_sche.c(819)RunProcess] RunProcess process[firewall] Event[0x1100] dwUsedTicks[381]
1192:58:10 [upgrade_mgr][Error] [upgrade_mgr.c(2390)UpgradeInit] =====RegionCodeForTools=-14=====
1192:58:10 [dss][Warn] [dss_lla.c(955)DssLlaMain] The Dss' lpMsg is null.
>>>>>>>>>call RegNetIFForWWAN()
1192:58:10 [dhcp6s][Warn] [dhcp6s_main.c(1886)getHwMacByIfNam] Ioctl failed!
1192:58:10 [usb_stor][Error] [usbbakrst_cmapi(537)CmUsbBakRstSynD] BakFile Name Error(usbbak.cfg)
1192:58:10 [dhcp6s][Warn] [dhcp6s_main.c(2103)startDhcp6sInst] invalid interface 
1192:58:10 [pon_mgr][Error] [pon_upgrade_cma(240)CmGetPrivatePro] CmGetPrivateProfileInt: GetPrivatePrvendor name = T&W ofileInt FAILURE! 
1192:
 optical PN(0x60) = 
58:10 [pon_mgr][Erro optical PN(0x28) = TW2362F-CDEH
r] [pon_gpon_adapte(817)pon_O7State_set] CmGetPrivateProfileInt error iRet=-14
1192:58:10 [optical_mgr][Error] [pon_optical_mgr(845)opticalStart] VendorPN is TW2362F-CDEH
########br's FDB_MAX[1024]
ADDRCONF(NETDEV_UP): br0: link is not ready
1192:58:11 [wlan_adapter][Warn] [pon_wlan_adapte(4442)WlanAdpterAsynM] unknown msg: 1103
PhyAutoEnable port= 3, rate =0 
ADDRCONF(NETDEV_UP): eth0: link is not ready
PhyAutoEnable port= 2, rate =0 
ADDRCONF(NETDEV_UP): eth1: link is not ready
PhyAutoEnable port= 1, rate =0 
ADDRCONF(NETDEV_UP): eth2: link is not ready
PhyAutoEnable port= 0, rate =0 
ADDRCONF(NETDEV_UP): eth3: link is not ready
sw_mac_set_onu_agingtime failed!
swdrv_execute_capsweth Failure ret = 1
119sw_port_set_port_floodcontrol not support now!
sw_port_set_port_floodcontrol not support now!
sw_port_set_port_floodcontrol not support now!
2:58:sw_port_set_port_floodcontrol not support now!
sw_port_set_port_floodcontrol not support now!
12 [ssw_port_set_port_floodcontrol not support now!
witchsw_port_set_port_floodcontrol not support now!
sw_port_set_port_floodcontrol not support now!
_mgr][Error] [pon_switch_comm(90)ethSetAgingTime] ethSetAgingTime swDoIoctl ioctl failed!
sw_port_set_port_multicastrate not support now!
sw_port_set_port_broadcastrate not support now!
sw_port_set_port_multicastrate not support now!
sw_port_set_port_broadcastrate not support now!
sw_port_set_port_multicastrate not support now!
sw_port_set_port_broadcastrate not support now!
sw_port_set_port_multicastrate not support now!
sw_port_set_port_broadcastrate not support now!
usbcore: registered new interface driver cdc_ether
usbcore: registered new interface driver rndis_host
usbcore: registered new interface driver usbserial
usbserial: USB Serial Driver core
usbcore: registered new interface driver option
USB Serial support registered for GSM modem (1-port)
usbcore: registered new interface driver cdc_acm
cdc_acm: USB Abstract Control Model driver for USB modems and ISDN adapters
ehci_hcd: USB 2.0 'Enhanced' Host Controller (EHCI) Driver
PCI: Enabling device 0000:00:0a.0 (0000 -> 0002)
ehci_hcd 0000:00:0a.0: setting latency timer to 64
ehci_hcd 0000:00:0a.0: EHCI Host Controller
ehci_hcd 0000:00:0a.0: new USB bus registered, assigned bus number 1
ehci_hcd 0000:00:0a.0: Enabling legacy PCI PM
ehci_hcd 0000:00:0a.0: irq 81, io mem 0x15400300
ehci_hcd 0000:00:0a.0: USB f.f started, EHCI 1.00
hub 1-0:1.0: USB hub found
hub 1-0:1.0: 2 ports detected
usb usb1: csp_report_dev_addok 6b1d 200
ohci_hcd: USB 1.1 'Open' Host Controller (OHCI) Driver
PCI: Enabling device 0000:00:09.0 (0000 -> 0002)
ohci_hcd 0000:00:09.0: setting latency timer to 64
ohci_hcd 0000:00:09.0: OHCI Host Controller
ohci_hcd 0000:00:09.0: new USB bus registered, assigned bus number 2
ohci_hcd 0000:00:09.0: irq 80, io mem 0x15400400
hub 2-0:1.0: USB hub found
hub 2-0:1.0: 2 ports detected
usb usb2: csp_report_dev_addok 6b1d 100
g_iUpLinkType=13
sip alg change port ok!
ftp alg change port ok!
rtsp alg change port ok!
1192:58:17 [dns_mgr][Warn] [ifs_api.c(2621)GetRouteIFInfo] parameter is illegal![IGD.WD1.WCD1.WCPPP1]
1192:58:17 [igmpproxy_mgr][Warn] [ifs_api.c(2621)GetRouteIFInfo] parameter is illegal![IGD.WD1.WCD1.WCPPP1]
1192:58:17 [ddns_mgr][Warn] [ddns_mgr.c(1301)ddnsAddClientLi] call dbAPIQryView failed!DBVIEW_DDNS_SERVICE,name 
1192:58:17 [ddns_mgr][Warn] [ddns_mgr.c(1220)ddnsInitClientL] Call function failed!ddnsAddClientListNode
1192:58:17 [dss][Warn] [dss_lla.c(955)DssLlaMain] The Dss' lpMsg is null.
1192:58:17 [prefix_mgr][Error] [prefix_mgr.c(2406)PrefixMgrInit] Init Prefix Lock error!
[ACL]: <zte_api_sw_qos_del_port_streamselect>  Can't Find Matched Rule to Delete!
zte_api_sw_qos_del_port_streamselect is error: 4
 The function sw_acl_trapcpu_macaddress line:243 is error :4
[ACL]: <zte_api_sw_qos_del_port_streamselect>  Can't Find Matched Rule to Delete!
zte_api_sw_qos_del_port_streamselect is error: 4
 The function sw_acl_trapcpu_ipaddress line:301 is error :4
[ACL]: <zte_api_sw_qos_del_port_streamselect>  Can't Find Matched Rule to Delete!
zte_api_sw_qos_del_port_streamselect is error: 4
 The function sw_acl_trapcpu_macaddress line:243 is error :4
[ACL]: <zte_api_sw_qos_del_port_streamselect>  Can't Find Matched Rule to Delete!
zte_api_sw_qos_del_port_streamselect is error: 4
 The function sw_acl_trapcpu_ipaddress line:301 is error :4
1192:58:17 [pon_dev_mgr][Error] [pon_dev_mgr.c(426)get_falsify_def] call  GetTagParam failed!!!!
1192:58:17 [pon_dev_mgr][Error] [pon_dev_mgr.c(1066)FalsfyDefInitVi] call get_falsify_defend_mode failed! iRet = -7
1192:58:<LOGID000000005>1192:58:17 [KPORTLOCATE][Warn] [br_portlocate.c(1832)set_portlocate_] pppoe portlocate vendorInfo is:00000DE9
17 [portLocate_mgr][Warn] [portLocate_mgr.(237)portLocateStart] portLocateInit begin set format,portLocateSetPPPoEVendorInfo:00000DE9
<LOGID000000005>1192:58:17 [KPORTLOCATE][Warn] [br_portlocate.c(1840)set_portlocate_] CharToHex ok,g_pppoe_vendorInfo:de9!
1192:58:17 [ifs_mgr][Error] [dbl_api.c(317)dbAPIGetView] get view failed VID(71) VN(IGD.WD2.WDCommCfg) Err(-5)
====================gpon_omci start======================
device eth0 entered promiscuous mode
device eth1 entered promiscuous mode
device eth2 entered promiscuous mode
device eth3 entered promiscuous mode
1192:58:19 [ifs_mgr][Warn] [ifs_notifier.c(377)delRegNotifier] parameter is illegal!not found, pid[65810]
1192:58:19 [ifs_mgr][Warn] [ifs_notifier.c(377)delRegNotifier] parameter is illegal!not found, pid[65850]
1192:58:19 [ifs_mgr][Error] [dbl_api.c(317)dbAPIGetView] get view failed VID(71) VN(IGD.WD1.WDCommCfg) Err(-5)
1192:58:19 [upnp_igd][Warn] [upnpigd.c(324)UPnPIGDProcessR] parameter is invalid!tWanName
<LOGID000000005>1192:58:19 [KIGMPSNP][Error] [br_multicast_se(1040)set_trap_unknow] port9 trap_unknow_report_en is 0!
<LOGID000000005>1192:58:19 [KIGMPSNP][Error] [br_multicast_se(1083)set_multicast_t] portNum = 9, tagstripe = 0
Process_Perf's Event(4352) is not support !! 
==========================sys process start=========================
=====================omci sender process start=====================
1192:58:19 [BCC][Warn] [bcc_entry.c(242)BCC_TaskEntry] Unknown Event=0x00001100 when BCC PowerOn!
Omci get Byte Order is Big-Endian
g_bByteSort(1)<LOGID000000005>1192:58:19 [KIGMPSNP][Error] [br_multicast_se(1040)set_trap_unknow] port10 trap_unknow_report_en is 0!

<LOGID000000005>1192:58:19 [KIGMPSNP][Error] [br_multicast_se(1083)set_multicast_t] portNum = 10, tagstripe = 0

EPT: kernel::endpoint_open: minor=0.

kernel:: endpoint already open 
<LOGID000000005>1192:58:19 [KIGMPSNP][Error] [br_multicast_se(1040)set_trap_unknow] port11 trap_unknow_report_en is 0!
stPcmShimParam.buf<LOGID000000005>1192:58:19 [KIGMPSNP][Error] [br_multicast_se(1083)set_multicast_t] portNum = 11, tagstripe = 0
p = 0x85714380
=========================omci process start=========================
<LOGID000000005>1192:58:19 [KIGMPSNP][Error] [br_multicast_se(1040)set_trap_unknow] port12 trap_unknow_report_en is 0!
<LOGID000000005>1192:58:19 [KIGMPSNP][Error] [br_multicast_se(1083)set_multicast_t] portNum = 12, tagstripe = 0
1192:58:19 [igmpproxy_mgr][Warn] [ifs_api.c(2621)GetRouteIFInfo] parameter is illegal![IGD.WD1.WCD1.WCPPP1]
OA_Sysdrv_GetTcontBufferSize: value(0) is out of range, use def value:256 
Omci Debug:CmWLANListConfig.dwCount = 4 
nvram_set:name is wps_config_command
1192:58:20 [vlan_module_mgr][Warn] [vlan_module_mgr(341)defCommand] IFStatus no up,(null)
1192:58:20 [vlan_module_mgr][Warn] [vlan_module_mgr(341)defCommand] IFStatus no up,(null)
1192:58:20 [vlan_module_mgr][Warn] [vlan_module_mgr(562)untagCommand] IFStatus no up,(null)
1192:58:20 [vlan_module_mgr][Warn] [vlan_module_mgr(562)untagCommand] IFStatus no up,(null)
1192:58:20 [vlan_module_mgr][Warn] [vlan_module_mgr(341)defCommand] IFStatus no up,(null)
1192:58:20 [vlan_module_mgr][Warn] [vlan_module_mgr(341)defCommand] IFStatus no up,(null)
1192:58:20 [vlan_module_mgr][Warn] [vlan_module_mgr(562)untagCommand] IFStatus no uCome in apm_pllStart
p,(nupApm->dpll_control = 0xdeaddead
ll)
******* DSP: Found BCM6838 *******
******* DSP: In APM Mode *******
gInterruptCounter    = 0xC0CC7774 
1192:58:20 [vlan_modulegInterruptErrors     = 0xC0CC7770 
_mgr][Warn] [vlan_module_mgr(562)untagCommand] IFStatus no up,(null)
1192:58:20 [vlan_module_mgr][Warn] [vlan_module_mgr(341)defCommand] IFStaBinding 0x84dac148
tus no up,(null)
1192:58:20 [vlan_module_mgr][Warn] [vlan_module_mgr(341)defCommand] IFStatus no up,(null)
1192:58:20 [vlan_module_mgr][Warn] [vlan_module_mgr(562)untagCommand] IFStatus no up,(null)
1192:58:20 [vlan_module_mgr][Warn] [vlan_module_mgr(562)untagCommand] IFStatus no up,(null)
1192:58:20 [vlan_module_mgr][Warn] [vlan_module_mgr(341)defCommand] IFStatus no up,(null)
1192:58:20 [vlan_module_mgr][Warn] [vlan_module_mgr(341)defCommand] IFStatus no up,(null)
1192:58:20 [vlan_module_mgr][Warn] [vlan_module_mgr(562)untagCommand] IFStatus no up,(null)

EPT:boardHalInit completed

EPT:enter vrgEndptInit.
1192:58:20 [vlan_module_mgr][Warn] [vlan_module_mgr(562)untagCommand] IFStatus no up,(null)
DSP: Interrupt Ids
---------------
InterruptId/Location      = 87/LOW 

DSP: Interrupt Masks
 g_MeCtr_Conf---------------
igure=0x00000000,g_MeCtr_CrIrqMask                   = 0x00001300 
eateMark1=0x00000000,g_MeIrqMaskLow                = 0x00001300 
Ctr_CreateMark2=0x0000000IrqMask1                  = 0x00008000 
0
IrqMaskLow1               = 0x00008000 

DSP: Interrupt Status
-----------------
IrqStatus                 = 0x00000000 
IrqStatusLow              = 0x00000000 
IrqStatus1                = 0x00000000 
IrqStatusLow1             = 0x00000000 
The function sw_port_get_cpu_broadcastrate 
[OA_Mng_Event_Cfg] Event (0x0500000c) no found! 
[OA_Chip_Mng_Event_CallBack]Call pFucMngExec ucRet=2
1192:58:21 [omci][Error] [pon_dev_cmapi.c(316)CmPonGetIspCode] 04##################call  GetTagParam failed!!!!##################
call CmPonGetIspCode error! dwRet = -7
[OA_Chip_Mng_Event_CallBack]Call pFucMngExec ucRet=1
1192:58:21 [omci][Error] [pon_dev_cmapi.c(365)CmFalsifyGetPdt] ##################call  Get TAG_ID_PRODUCTION_SN failed!!!!##################
call CmFalsifyGetPdtSn error!dwRet = -7
[OA_Chip_Mng_Event_CallBack]Call pFucMngExec ucRet=1
OA_Pondrv_GetTcontMax result:0 tcontmax:8
OA_Pondrv_GetTcontQueueMax result:0 tcontqueuemax:8
[GoldenSea]TcontID[1], policy:0, pqinfo:0
[GoldenSea]TcontID[2], policy:0, pqinfo:0
[GoldenSea]TcontID[3], policy:0, pqinfo:0
[GoldenSea]TcontID[4], policy:0, pqinfo:0
[GoldenSea]TcontID[5], policy:0, pqinfo:0
[GoldenSea]TcontID[6], policy:0, pqinfo:0
[GoldenSea]TcontID[7], policy:0, pqinfo:0
[GoldenSea]TcontID[8], policy:0, pqinfo:0
1192:58:21 [User][Error] [dnsmasq.c(445)main] |dnsmasq| bind interface socket failed 126
1192:58:21 [User][Error] [dnsmasq.c(471)main] |dnsmasq| tcp, bind interface socket failed,tcpfd:5, error=126, errstr=Cannot assign requested address
[FWPM]pInstList.dwCount = 0 
[FWIP]pInstList.dwCount = 0 
[FWSC]pInstList.dwCount = 0 

EPT:vrgEndptInit ok.
dgasp: kerSysRegisterDyingGaspHandler: endpoint registered 

EPT:EndpointInit completed
hdspVhdLineEquEnable vhdhdl 0x54 ,enable 1
hdspVhdLineEquEnable vhdhdl 0x55 ,enable 1
NEXT_STATE(OSS_NORMAL_STATE)
DR_BRCM @ PRINT VOP_TaskEntry : epStatus = 0 EPT not init!	
power status is 0x86!!!
SLIC usrline_init

pots:2, boardtype:1
SLIC:slic Driver V3.0.0 Init Finish.
SLIC usrline_ioctl USL_DEV_INIT 
Find a chan 1, cs 0 port 0
Find a chan 0, cs 0 port 1
Init port  0

boardtype BCM68380F_LE9540/BCM68385_LE9541=1
Init port  1

boardtype BCM68380F_LE9540/BCM68385_LE9541=1
SLIC InitLE95xxBoard success.
usrline_ioctl_time_cfg: port 0 
usrline_ioctl_time_cfg: port 1 
SLIC BrcomSetRingVoltage RingVoltage 75 RealValue 52
SLIC BrcomSetCurrent Current 25 
SLIC BrcomSetRingVoltage RingVoltage 75 RealValue 52
SLIC BrcomSetCurrent Current 25 
[LHP]Update loid_authencation state wResult 0 G_ONU_REG_Authenstates 0 
1192:58:22 [OSS][Warn] [oss_sche.c(819)RunProcess] RunProcess process[webd] Event[0x1100] dwUsedTicks[296]
usrline_ioctl_time_cfg: port 0 
usrline_ioctl_time_cfg: port 1 
1192:58:22 [tr069][Warn] [trparameter.c(3440)Tr069GetTreePat] Load universal data XML:/etc/device_data.xml
[OA_Mng_Event_Cfg] Event (0x05010028) no found! 
[OA_Chip_Mng_Event_CallBack]Call pFucMngExec ucRet=2
##Get management vlan about HG failed!##-zhangyc
[OA_Mng_Event_Cfg] Event (0x05010029) no found! 
[OA_Chip_Mng_Event_CallBack]Call pFucMngExec ucRet=2
[OA_Mng_Event_Cfg] Event (0x05010029) no found! 
[OA_Chip_Mng_Event_CallBack]Call pFucMngExec ucRet=2
[OA_Mng_Event_Cfg] Event (0x05010029) no found! 
[OA_Chip_Mng_Event_CallBack]Call pFucMngExec ucRet=2
[OA_Mng_Event_Cfg] Event (0x05010029) no found! 
[OA_Chip_Mng_Event_CallBack]Call pFucMngExec ucRet=2
1192:58:22 [omci][Error] [pon_switch_comm(739)CmEthSetGlobalC] CmEthSetGlobalConf CmEthChkGlobalConf fail!
Call CmEthSetGlobalConf iRet=-257,wAgeTime=2000
[OA_Chip_Mng_Event_CallBack]Call pFucMngExec ucRet=1
1192:58:22 [pon_mgr][Error] [pon_upgrade_cma(240)CmGetPrivatePro] CmGetPrivateProfileInt: GetPrivateProfileInt FAILURE! 
1192:58:22 [pon_mgr][Error] [pon_gpon_bcm683(183)pon_PonEnable_s] CmGetPrivateProfileInt error iRet=-14

[alecal]ZTE----pon link activate success!
1192:58:22 [OSS][Warn] [oss_sche.c(819)RunProcess] RunProcess process[omci] Event[0x3e81] dwUsedTicks[320]
Process_Perf's Event(4355) is not support !! 
not support alarm event 0x1103.
step into Clear_All_Dot1ag_MA
step into Clear_All_Dot1ag_MD
1192:58:23 [tr069][Warn] [trparameter.c(3463)Tr069GetTreePat] Load universal services XML:/etc/device_sip.xml
GetEnvPara_noproc /userconfig/env_param
GetEnvPara_noproc /userconfig/env_param
GetEnvPara_noproc /userconfig/env_param
GetEnvPara_noproc /userconfig/env_param
Setting SSID: "ZTE-cf007e"
Setting SSID: "SSID2"
Setting SSID: "SSID3"
Setting SSID: "SSID4"
[ZTE BIND success wl] ======================thread pid=531,rc=0,processor_id=1
nvram_set:name is wl0_ifname
acsd: scan in progress ...
acsd: scan in progress ...
acsd: scan in progress ...
acsd: scan in progress ...
acsd: scan in progress ...
acsd: scan in progress ...
acsd: scan in progress ...
acsd: scan in progress ...
wps_led_update:val=0,wps_prevstatus=0
acsd: scan in progress ...
acsd: scan in progress ...
acsd: scan in progress ...
acsd: scan in progress ...
acsd: scan in progress ...
acsd: scan in progress ...
acsd: selected channel spec: 0x1004
acsd: selected channel spec: 0x1004
600 sec
1192:58:37 [pon_dev_mgr][Error] [pon_dev_mgr.c(426)get_falsify_def] call  GetTagParam failed!!!!
1192:58:37 [pon_dev_mgr][Error] [pon_dev_mgr.c(1031)FalsfyDefInit] call get_falsify_defend_mode failed! iRet = -7
1192:58:38 [OSS][Warn] [oss_sche.c(819)RunProcess] RunProcess process[wlan_config] Event[0xa205] dwUsedTicks[1917]
device wlan0 entered promiscuous mode
br0: port 5(wlan0) entered forwarding state
br0: port 5(wlan0) entered forwarding state
ADDRCONF(NETDEV_CHANGE): br0: link becomes ready
<LOGID000000005>1192:58:38 [KIGMPSNP][Error] [br_multicast_se(1040)set_trap_unknow] port1 trap_unknow_report_en is 0!
<LOGID000000005>1192:58:38 [KIGMPSNP][Error] [br_multicast_se(1083)set_multicast_t] portNum = 1, tagstripe = 0
